<?xml version="1.0" encoding="UTF-8"?>
<testsuite xmlns:xsi="http://www.w3.org/2001/XMLSchema-instance" xsi:noNamespaceSchemaLocation="https://maven.apache.org/surefire/maven-failsafe-plugin/xsd/failsafe-test-report-3.0.xsd" version="3.0" name="com.example.speech.RecognizeIT(sponge_log)" time="0.777" tests="9" errors="9" skipped="0" failures="0">
  <properties>
    <property name="sun.desktop" value="windows"/>
    <property name="awt.toolkit" value="sun.awt.windows.WToolkit"/>
    <property name="file.encoding.pkg" value="sun.io"/>
    <property name="java.specification.version" value="1.8"/>
    <property name="sun.cpu.isalist" value="amd64"/>
    <property name="sun.jnu.encoding" value="Cp1252"/>
    <property name="java.class.path" value="E:\WorkSpace\beta-cloud-speed\target\test-classes;E:\WorkSpace\beta-cloud-speed\target\speech-google-cloud-samples-1.0.11.jar;C:\Users\haidt\.m2\repository\com\google\cloud\google-cloud-speech\0.56.0-beta\google-cloud-speech-0.56.0-beta.jar;C:\Users\haidt\.m2\repository\com\google\cloud\google-cloud-core\1.38.0\google-cloud-core-1.38.0.jar;C:\Users\haidt\.m2\repository\joda-time\joda-time\2.9.2\joda-time-2.9.2.jar;C:\Users\haidt\.m2\repository\com\google\http-client\google-http-client\1.23.0\google-http-client-1.23.0.jar;C:\Users\haidt\.m2\repository\org\apache\httpcomponents\httpclient\4.0.1\httpclient-4.0.1.jar;C:\Users\haidt\.m2\repository\org\apache\httpcomponents\httpcore\4.0.1\httpcore-4.0.1.jar;C:\Users\haidt\.m2\repository\commons-logging\commons-logging\1.1.1\commons-logging-1.1.1.jar;C:\Users\haidt\.m2\repository\commons-codec\commons-codec\1.3\commons-codec-1.3.jar;C:\Users\haidt\.m2\repository\com\google\code\findbugs\jsr305\3.0.2\jsr305-3.0.2.jar;C:\Users\haidt\.m2\repository\com\google\api\api-common\1.6.0\api-common-1.6.0.jar;C:\Users\haidt\.m2\repository\com\google\api\gax\1.29.0\gax-1.29.0.jar;C:\Users\haidt\.m2\repository\org\threeten\threetenbp\1.3.3\threetenbp-1.3.3.jar;C:\Users\haidt\.m2\repository\com\google\auth\google-auth-library-oauth2-http\0.9.1\google-auth-library-oauth2-http-0.9.1.jar;C:\Users\haidt\.m2\repository\com\google\http-client\google-http-client-jackson2\1.19.0\google-http-client-jackson2-1.19.0.jar;C:\Users\haidt\.m2\repository\com\fasterxml\jackson\core\jackson-core\2.1.3\jackson-core-2.1.3.jar;C:\Users\haidt\.m2\repository\com\google\protobuf\protobuf-java-util\3.6.0\protobuf-java-util-3.6.0.jar;C:\Users\haidt\.m2\repository\com\google\code\gson\gson\2.7\gson-2.7.jar;C:\Users\haidt\.m2\repository\com\google\api\grpc\proto-google-common-protos\1.12.0\proto-google-common-protos-1.12.0.jar;C:\Users\haidt\.m2\repository\com\google\api\grpc\proto-google-iam-v1\0.12.0\proto-google-iam-v1-0.12.0.jar;C:\Users\haidt\.m2\repository\com\google\cloud\google-cloud-core-grpc\1.38.0\google-cloud-core-grpc-1.38.0.jar;C:\Users\haidt\.m2\repository\com\google\auth\google-auth-library-credentials\0.10.0\google-auth-library-credentials-0.10.0.jar;C:\Users\haidt\.m2\repository\com\google\protobuf\protobuf-java\3.6.0\protobuf-java-3.6.0.jar;C:\Users\haidt\.m2\repository\io\grpc\grpc-protobuf\1.13.1\grpc-protobuf-1.13.1.jar;C:\Users\haidt\.m2\repository\io\grpc\grpc-protobuf-lite\1.13.1\grpc-protobuf-lite-1.13.1.jar;C:\Users\haidt\.m2\repository\io\grpc\grpc-context\1.13.1\grpc-context-1.13.1.jar;C:\Users\haidt\.m2\repository\com\google\api\gax-grpc\1.29.0\gax-grpc-1.29.0.jar;C:\Users\haidt\.m2\repository\com\google\api\grpc\proto-google-cloud-speech-v1beta1\0.21.0\proto-google-cloud-speech-v1beta1-0.21.0.jar;C:\Users\haidt\.m2\repository\com\google\api\grpc\proto-google-cloud-speech-v1p1beta1\0.21.0\proto-google-cloud-speech-v1p1beta1-0.21.0.jar;C:\Users\haidt\.m2\repository\com\google\api\grpc\proto-google-cloud-speech-v1\0.21.0\proto-google-cloud-speech-v1-0.21.0.jar;C:\Users\haidt\.m2\repository\io\grpc\grpc-netty-shaded\1.13.1\grpc-netty-shaded-1.13.1.jar;C:\Users\haidt\.m2\repository\io\grpc\grpc-core\1.13.1\grpc-core-1.13.1.jar;C:\Users\haidt\.m2\repository\io\opencensus\opencensus-api\0.12.3\opencensus-api-0.12.3.jar;C:\Users\haidt\.m2\repository\io\opencensus\opencensus-contrib-grpc-metrics\0.12.3\opencensus-contrib-grpc-metrics-0.12.3.jar;C:\Users\haidt\.m2\repository\io\grpc\grpc-stub\1.13.1\grpc-stub-1.13.1.jar;C:\Users\haidt\.m2\repository\io\grpc\grpc-auth\1.13.1\grpc-auth-1.13.1.jar;C:\Users\haidt\.m2\repository\junit\junit\4.12\junit-4.12.jar;C:\Users\haidt\.m2\repository\org\hamcrest\hamcrest-core\1.3\hamcrest-core-1.3.jar;C:\Users\haidt\.m2\repository\com\google\truth\truth\0.42\truth-0.42.jar;C:\Users\haidt\.m2\repository\com\google\guava\guava\25.1-android\guava-25.1-android.jar;C:\Users\haidt\.m2\repository\com\google\j2objc\j2objc-annotations\1.1\j2objc-annotations-1.1.jar;C:\Users\haidt\.m2\repository\org\codehaus\mojo\animal-sniffer-annotations\1.14\animal-sniffer-annotations-1.14.jar;C:\Users\haidt\.m2\repository\org\checkerframework\checker-compat-qual\2.5.3\checker-compat-qual-2.5.3.jar;C:\Users\haidt\.m2\repository\org\checkerframework\checker-qual\2.5.3\checker-qual-2.5.3.jar;C:\Users\haidt\.m2\repository\com\googlecode\java-diff-utils\diffutils\1.3.0\diffutils-1.3.0.jar;C:\Users\haidt\.m2\repository\com\google\auto\value\auto-value-annotations\1.6.2\auto-value-annotations-1.6.2.jar;C:\Users\haidt\.m2\repository\com\google\errorprone\error_prone_annotations\2.3.1\error_prone_annotations-2.3.1.jar;"/>
    <property name="java.vm.vendor" value="Oracle Corporation"/>
    <property name="sun.arch.data.model" value="64"/>
    <property name="user.variant" value=""/>
    <property name="java.vendor.url" value="http://java.oracle.com/"/>
    <property name="user.timezone" value="Asia/Bangkok"/>
    <property name="java.vm.specification.version" value="1.8"/>
    <property name="os.name" value="Windows 10"/>
    <property name="user.country" value="US"/>
    <property name="sun.java.launcher" value="SUN_STANDARD"/>
    <property name="sun.boot.library.path" value="C:\Program Files\Java\jdk1.8.0_181\jre\bin"/>
    <property name="sun.java.command" value="C:\Users\haidt\AppData\Local\Temp\surefire6013846545214580667\surefirebooter3412369748614002973.jar C:\Users\haidt\AppData\Local\Temp\surefire6013846545214580667 2019-05-07T10-32-31_403-jvmRun1 surefire4904339043842594131tmp surefire_04107350152312769323tmp"/>
    <property name="surefire.test.class.path" value="E:\WorkSpace\beta-cloud-speed\target\test-classes;E:\WorkSpace\beta-cloud-speed\target\speech-google-cloud-samples-1.0.11.jar;C:\Users\haidt\.m2\repository\com\google\cloud\google-cloud-speech\0.56.0-beta\google-cloud-speech-0.56.0-beta.jar;C:\Users\haidt\.m2\repository\com\google\cloud\google-cloud-core\1.38.0\google-cloud-core-1.38.0.jar;C:\Users\haidt\.m2\repository\joda-time\joda-time\2.9.2\joda-time-2.9.2.jar;C:\Users\haidt\.m2\repository\com\google\http-client\google-http-client\1.23.0\google-http-client-1.23.0.jar;C:\Users\haidt\.m2\repository\org\apache\httpcomponents\httpclient\4.0.1\httpclient-4.0.1.jar;C:\Users\haidt\.m2\repository\org\apache\httpcomponents\httpcore\4.0.1\httpcore-4.0.1.jar;C:\Users\haidt\.m2\repository\commons-logging\commons-logging\1.1.1\commons-logging-1.1.1.jar;C:\Users\haidt\.m2\repository\commons-codec\commons-codec\1.3\commons-codec-1.3.jar;C:\Users\haidt\.m2\repository\com\google\code\findbugs\jsr305\3.0.2\jsr305-3.0.2.jar;C:\Users\haidt\.m2\repository\com\google\api\api-common\1.6.0\api-common-1.6.0.jar;C:\Users\haidt\.m2\repository\com\google\api\gax\1.29.0\gax-1.29.0.jar;C:\Users\haidt\.m2\repository\org\threeten\threetenbp\1.3.3\threetenbp-1.3.3.jar;C:\Users\haidt\.m2\repository\com\google\auth\google-auth-library-oauth2-http\0.9.1\google-auth-library-oauth2-http-0.9.1.jar;C:\Users\haidt\.m2\repository\com\google\http-client\google-http-client-jackson2\1.19.0\google-http-client-jackson2-1.19.0.jar;C:\Users\haidt\.m2\repository\com\fasterxml\jackson\core\jackson-core\2.1.3\jackson-core-2.1.3.jar;C:\Users\haidt\.m2\repository\com\google\protobuf\protobuf-java-util\3.6.0\protobuf-java-util-3.6.0.jar;C:\Users\haidt\.m2\repository\com\google\code\gson\gson\2.7\gson-2.7.jar;C:\Users\haidt\.m2\repository\com\google\api\grpc\proto-google-common-protos\1.12.0\proto-google-common-protos-1.12.0.jar;C:\Users\haidt\.m2\repository\com\google\api\grpc\proto-google-iam-v1\0.12.0\proto-google-iam-v1-0.12.0.jar;C:\Users\haidt\.m2\repository\com\google\cloud\google-cloud-core-grpc\1.38.0\google-cloud-core-grpc-1.38.0.jar;C:\Users\haidt\.m2\repository\com\google\auth\google-auth-library-credentials\0.10.0\google-auth-library-credentials-0.10.0.jar;C:\Users\haidt\.m2\repository\com\google\protobuf\protobuf-java\3.6.0\protobuf-java-3.6.0.jar;C:\Users\haidt\.m2\repository\io\grpc\grpc-protobuf\1.13.1\grpc-protobuf-1.13.1.jar;C:\Users\haidt\.m2\repository\io\grpc\grpc-protobuf-lite\1.13.1\grpc-protobuf-lite-1.13.1.jar;C:\Users\haidt\.m2\repository\io\grpc\grpc-context\1.13.1\grpc-context-1.13.1.jar;C:\Users\haidt\.m2\repository\com\google\api\gax-grpc\1.29.0\gax-grpc-1.29.0.jar;C:\Users\haidt\.m2\repository\com\google\api\grpc\proto-google-cloud-speech-v1beta1\0.21.0\proto-google-cloud-speech-v1beta1-0.21.0.jar;C:\Users\haidt\.m2\repository\com\google\api\grpc\proto-google-cloud-speech-v1p1beta1\0.21.0\proto-google-cloud-speech-v1p1beta1-0.21.0.jar;C:\Users\haidt\.m2\repository\com\google\api\grpc\proto-google-cloud-speech-v1\0.21.0\proto-google-cloud-speech-v1-0.21.0.jar;C:\Users\haidt\.m2\repository\io\grpc\grpc-netty-shaded\1.13.1\grpc-netty-shaded-1.13.1.jar;C:\Users\haidt\.m2\repository\io\grpc\grpc-core\1.13.1\grpc-core-1.13.1.jar;C:\Users\haidt\.m2\repository\io\opencensus\opencensus-api\0.12.3\opencensus-api-0.12.3.jar;C:\Users\haidt\.m2\repository\io\opencensus\opencensus-contrib-grpc-metrics\0.12.3\opencensus-contrib-grpc-metrics-0.12.3.jar;C:\Users\haidt\.m2\repository\io\grpc\grpc-stub\1.13.1\grpc-stub-1.13.1.jar;C:\Users\haidt\.m2\repository\io\grpc\grpc-auth\1.13.1\grpc-auth-1.13.1.jar;C:\Users\haidt\.m2\repository\junit\junit\4.12\junit-4.12.jar;C:\Users\haidt\.m2\repository\org\hamcrest\hamcrest-core\1.3\hamcrest-core-1.3.jar;C:\Users\haidt\.m2\repository\com\google\truth\truth\0.42\truth-0.42.jar;C:\Users\haidt\.m2\repository\com\google\guava\guava\25.1-android\guava-25.1-android.jar;C:\Users\haidt\.m2\repository\com\google\j2objc\j2objc-annotations\1.1\j2objc-annotations-1.1.jar;C:\Users\haidt\.m2\repository\org\codehaus\mojo\animal-sniffer-annotations\1.14\animal-sniffer-annotations-1.14.jar;C:\Users\haidt\.m2\repository\org\checkerframework\checker-compat-qual\2.5.3\checker-compat-qual-2.5.3.jar;C:\Users\haidt\.m2\repository\org\checkerframework\checker-qual\2.5.3\checker-qual-2.5.3.jar;C:\Users\haidt\.m2\repository\com\googlecode\java-diff-utils\diffutils\1.3.0\diffutils-1.3.0.jar;C:\Users\haidt\.m2\repository\com\google\auto\value\auto-value-annotations\1.6.2\auto-value-annotations-1.6.2.jar;C:\Users\haidt\.m2\repository\com\google\errorprone\error_prone_annotations\2.3.1\error_prone_annotations-2.3.1.jar;"/>
    <property name="sun.cpu.endian" value="little"/>
    <property name="user.home" value="C:\Users\haidt"/>
    <property name="user.language" value="en"/>
    <property name="java.specification.vendor" value="Oracle Corporation"/>
    <property name="java.home" value="C:\Program Files\Java\jdk1.8.0_181\jre"/>
    <property name="basedir" value="E:\WorkSpace\beta-cloud-speed"/>
    <property name="file.separator" value="\"/>
    <property name="line.separator" value="&#10;"/>
    <property name="java.vm.specification.vendor" value="Oracle Corporation"/>
    <property name="java.specification.name" value="Java Platform API Specification"/>
    <property name="java.awt.graphicsenv" value="sun.awt.Win32GraphicsEnvironment"/>
    <property name="surefire.real.class.path" value="C:\Users\haidt\AppData\Local\Temp\surefire6013846545214580667\surefirebooter3412369748614002973.jar;C:\\Users\\haidt\\.m2\\repository\\org\\jacoco\\org.jacoco.agent\\0.8.3\\org.jacoco.agent-0.8.3-runtime.jar"/>
    <property name="sun.boot.class.path" value="C:\Program Files\Java\jdk1.8.0_181\jre\lib\resources.jar;C:\Program Files\Java\jdk1.8.0_181\jre\lib\rt.jar;C:\Program Files\Java\jdk1.8.0_181\jre\lib\sunrsasign.jar;C:\Program Files\Java\jdk1.8.0_181\jre\lib\jsse.jar;C:\Program Files\Java\jdk1.8.0_181\jre\lib\jce.jar;C:\Program Files\Java\jdk1.8.0_181\jre\lib\charsets.jar;C:\Program Files\Java\jdk1.8.0_181\jre\lib\jfr.jar;C:\Program Files\Java\jdk1.8.0_181\jre\classes"/>
    <property name="user.script" value=""/>
    <property name="sun.management.compiler" value="HotSpot 64-Bit Tiered Compilers"/>
    <property name="java.runtime.version" value="1.8.0_181-b13"/>
    <property name="user.name" value="haidt"/>
    <property name="path.separator" value=";"/>
    <property name="os.version" value="10.0"/>
    <property name="java.endorsed.dirs" value="C:\Program Files\Java\jdk1.8.0_181\jre\lib\endorsed"/>
    <property name="java.runtime.name" value="Java(TM) SE Runtime Environment"/>
    <property name="file.encoding" value="Cp1252"/>
    <property name="java.vm.name" value="Java HotSpot(TM) 64-Bit Server VM"/>
    <property name="localRepository" value="C:\Users\haidt\.m2\repository"/>
    <property name="java.vendor.url.bug" value="http://bugreport.sun.com/bugreport/"/>
    <property name="java.io.tmpdir" value="C:\Users\haidt\AppData\Local\Temp\"/>
    <property name="java.version" value="1.8.0_181"/>
    <property name="user.dir" value="E:\WorkSpace\beta-cloud-speed"/>
    <property name="os.arch" value="amd64"/>
    <property name="java.vm.specification.name" value="Java Virtual Machine Specification"/>
    <property name="java.awt.printerjob" value="sun.awt.windows.WPrinterJob"/>
    <property name="sun.os.patch.level" value=""/>
    <property name="java.library.path" value="C:\Program Files\Java\jdk1.8.0_181\jre\bin;C:\WINDOWS\Sun\Java\bin;C:\WINDOWS\system32;C:\WINDOWS;C:/Program Files/Java/jre1.8.0_181/bin/server;C:/Program Files/Java/jre1.8.0_181/bin;C:/Program Files/Java/jre1.8.0_181/lib/amd64;C:\Program Files (x86)\Common Files\Oracle\Java\javapath;C:\ProgramData\DockerDesktop\version-bin;C:\Program Files\Docker\Docker\Resources\bin;C:\WINDOWS\system32;C:\WINDOWS;C:\WINDOWS\System32\Wbem;C:\WINDOWS\System32\WindowsPowerShell\v1.0\;C:\WINDOWS\System32\OpenSSH\;C:\Program Files\MySQL\MySQL Utilities 1.6\;C:\Program Files\TortoiseSVN\bin;%JAVA_HOME%\bin;C:\Program Files\Git\cmd;E:\Software\apache-maven-3.6.1\bin;C:\Program Files\VisualSVN Server\bin;C:\Users\haidt\AppData\Local\Continuum\anaconda3;C:\Users\haidt\AppData\Local\Continuum\anaconda3\Library\mingw-w64\bin;C:\Users\haidt\AppData\Local\Continuum\anaconda3\Library\usr\bin;C:\Users\haidt\AppData\Local\Continuum\anaconda3\Library\bin;C:\Users\haidt\AppData\Local\Continuum\anaconda3\Scripts;C:\Users\haidt\AppData\Local\Microsoft\WindowsApps;C:\Users\haidt\AppData\Local\Google\Cloud SDK\google-cloud-sdk\bin;;E:\Software\eclipse;;."/>
    <property name="java.vm.info" value="mixed mode"/>
    <property name="java.vendor" value="Oracle Corporation"/>
    <property name="java.vm.version" value="25.181-b13"/>
    <property name="java.ext.dirs" value="C:\Program Files\Java\jdk1.8.0_181\jre\lib\ext;C:\WINDOWS\Sun\Java\lib\ext"/>
    <property name="sun.io.unicode.encoding" value="UnicodeLittle"/>
    <property name="java.class.version" value="52.0"/>
  </properties>
  <testcase name="testTranscribeWordLevelConfidenceGcs" classname="com.example.speech.RecognizeIT(sponge_log)" time="0.318">
    <error message="The Application Default Credentials are not available. They are available if running in Google Compute Engine. Otherwise, the environment variable GOOGLE_APPLICATION_CREDENTIALS must be defined pointing to a file defining the credentials. See https://developers.google.com/accounts/docs/application-default-credentials for more information." type="java.io.IOException">java.io.IOException: The Application Default Credentials are not available. They are available if running in Google Compute Engine. Otherwise, the environment variable GOOGLE_APPLICATION_CREDENTIALS must be defined pointing to a file defining the credentials. See https://developers.google.com/accounts/docs/application-default-credentials for more information.
	at com.example.speech.RecognizeIT.testTranscribeWordLevelConfidenceGcs(RecognizeIT.java:122)
</error>
    <system-err><![CDATA[May 07, 2019 10:32:37 AM com.google.auth.oauth2.ComputeEngineCredentials runningOnComputeEngine
WARNING: Failed to detect whether we are running on Google Compute Engine.
java.net.SocketException: Network is unreachable: connect
	at java.net.DualStackPlainSocketImpl.waitForConnect(Native Method)
	at java.net.DualStackPlainSocketImpl.socketConnect(DualStackPlainSocketImpl.java:85)
	at java.net.AbstractPlainSocketImpl.doConnect(AbstractPlainSocketImpl.java:350)
	at java.net.AbstractPlainSocketImpl.connectToAddress(AbstractPlainSocketImpl.java:206)
	at java.net.AbstractPlainSocketImpl.connect(AbstractPlainSocketImpl.java:188)
	at java.net.PlainSocketImpl.connect(PlainSocketImpl.java:172)
	at java.net.SocksSocketImpl.connect(SocksSocketImpl.java:392)
	at java.net.Socket.connect(Socket.java:589)
	at sun.net.NetworkClient.doConnect(NetworkClient.java:175)
	at sun.net.www.http.HttpClient.openServer(HttpClient.java:463)
	at sun.net.www.http.HttpClient.openServer(HttpClient.java:558)
	at sun.net.www.http.HttpClient.<init>(HttpClient.java:242)
	at sun.net.www.http.HttpClient.New(HttpClient.java:339)
	at sun.net.www.http.HttpClient.New(HttpClient.java:357)
	at sun.net.www.protocol.http.HttpURLConnection.getNewHttpClient(HttpURLConnection.java:1220)
	at sun.net.www.protocol.http.HttpURLConnection.plainConnect0(HttpURLConnection.java:1156)
	at sun.net.www.protocol.http.HttpURLConnection.plainConnect(HttpURLConnection.java:1050)
	at sun.net.www.protocol.http.HttpURLConnection.connect(HttpURLConnection.java:984)
	at com.google.api.client.http.javanet.NetHttpRequest.execute(NetHttpRequest.java:104)
	at com.google.api.client.http.HttpRequest.execute(HttpRequest.java:981)
	at com.google.auth.oauth2.ComputeEngineCredentials.runningOnComputeEngine(ComputeEngineCredentials.java:191)
	at com.google.auth.oauth2.DefaultCredentialsProvider.tryGetComputeCredentials(DefaultCredentialsProvider.java:270)
	at com.google.auth.oauth2.DefaultCredentialsProvider.getDefaultCredentialsUnsynchronized(DefaultCredentialsProvider.java:194)
	at com.google.auth.oauth2.DefaultCredentialsProvider.getDefaultCredentials(DefaultCredentialsProvider.java:112)
	at com.google.auth.oauth2.GoogleCredentials.getApplicationDefault(GoogleCredentials.java:127)
	at com.google.auth.oauth2.GoogleCredentials.getApplicationDefault(GoogleCredentials.java:100)
	at com.google.api.gax.core.GoogleCredentialsProvider.getCredentials(GoogleCredentialsProvider.java:59)
	at com.google.api.gax.rpc.ClientContext.create(ClientContext.java:134)
	at com.google.cloud.speech.v1p1beta1.stub.GrpcSpeechStub.create(GrpcSpeechStub.java:94)
	at com.google.cloud.speech.v1p1beta1.stub.SpeechStubSettings.createStub(SpeechStubSettings.java:126)
	at com.google.cloud.speech.v1p1beta1.SpeechClient.<init>(SpeechClient.java:144)
	at com.google.cloud.speech.v1p1beta1.SpeechClient.create(SpeechClient.java:126)
	at com.google.cloud.speech.v1p1beta1.SpeechClient.create(SpeechClient.java:118)
	at com.example.speech.Recognize.transcribeWordLevelConfidenceGcs(Recognize.java:451)
	at com.example.speech.RecognizeIT.testTranscribeWordLevelConfidenceGcs(RecognizeIT.java:122)
	at sun.reflect.NativeMethodAccessorImpl.invoke0(Native Method)
	at sun.reflect.NativeMethodAccessorImpl.invoke(NativeMethodAccessorImpl.java:62)
	at sun.reflect.DelegatingMethodAccessorImpl.invoke(DelegatingMethodAccessorImpl.java:43)
	at java.lang.reflect.Method.invoke(Method.java:498)
	at org.junit.runners.model.FrameworkMethod$1.runReflectiveCall(FrameworkMethod.java:50)
	at org.junit.internal.runners.model.ReflectiveCallable.run(ReflectiveCallable.java:12)
	at org.junit.runners.model.FrameworkMethod.invokeExplosively(FrameworkMethod.java:47)
	at org.junit.internal.runners.statements.InvokeMethod.evaluate(InvokeMethod.java:17)
	at org.junit.internal.runners.statements.RunBefores.evaluate(RunBefores.java:26)
	at org.junit.internal.runners.statements.RunAfters.evaluate(RunAfters.java:27)
	at org.junit.runners.ParentRunner.runLeaf(ParentRunner.java:325)
	at org.junit.runners.BlockJUnit4ClassRunner.runChild(BlockJUnit4ClassRunner.java:78)
	at org.junit.runners.BlockJUnit4ClassRunner.runChild(BlockJUnit4ClassRunner.java:57)
	at org.junit.runners.ParentRunner$3.run(ParentRunner.java:290)
	at org.junit.runners.ParentRunner$1.schedule(ParentRunner.java:71)
	at org.junit.runners.ParentRunner.runChildren(ParentRunner.java:288)
	at org.junit.runners.ParentRunner.access$000(ParentRunner.java:58)
	at org.junit.runners.ParentRunner$2.evaluate(ParentRunner.java:268)
	at org.junit.runners.ParentRunner.run(ParentRunner.java:363)
	at org.apache.maven.surefire.junit4.JUnit4Provider.execute(JUnit4Provider.java:365)
	at org.apache.maven.surefire.junit4.JUnit4Provider.executeWithRerun(JUnit4Provider.java:273)
	at org.apache.maven.surefire.junit4.JUnit4Provider.executeTestSet(JUnit4Provider.java:238)
	at org.apache.maven.surefire.junit4.JUnit4Provider.invoke(JUnit4Provider.java:159)
	at org.apache.maven.surefire.booter.ForkedBooter.invokeProviderInSameClassLoader(ForkedBooter.java:384)
	at org.apache.maven.surefire.booter.ForkedBooter.runSuitesInProcess(ForkedBooter.java:345)
	at org.apache.maven.surefire.booter.ForkedBooter.execute(ForkedBooter.java:126)
	at org.apache.maven.surefire.booter.ForkedBooter.main(ForkedBooter.java:418)

May 07, 2019 10:32:37 AM com.google.auth.oauth2.ComputeEngineCredentials runningOnComputeEngine
WARNING: Failed to detect whether we are running on Google Compute Engine.
java.net.SocketException: Network is unreachable: connect
	at java.net.DualStackPlainSocketImpl.waitForConnect(Native Method)
	at java.net.DualStackPlainSocketImpl.socketConnect(DualStackPlainSocketImpl.java:85)
	at java.net.AbstractPlainSocketImpl.doConnect(AbstractPlainSocketImpl.java:350)
	at java.net.AbstractPlainSocketImpl.connectToAddress(AbstractPlainSocketImpl.java:206)
	at java.net.AbstractPlainSocketImpl.connect(AbstractPlainSocketImpl.java:188)
	at java.net.PlainSocketImpl.connect(PlainSocketImpl.java:172)
	at java.net.SocksSocketImpl.connect(SocksSocketImpl.java:392)
	at java.net.Socket.connect(Socket.java:589)
	at sun.net.NetworkClient.doConnect(NetworkClient.java:175)
	at sun.net.www.http.HttpClient.openServer(HttpClient.java:463)
	at sun.net.www.http.HttpClient.openServer(HttpClient.java:558)
	at sun.net.www.http.HttpClient.<init>(HttpClient.java:242)
	at sun.net.www.http.HttpClient.New(HttpClient.java:339)
	at sun.net.www.http.HttpClient.New(HttpClient.java:357)
	at sun.net.www.protocol.http.HttpURLConnection.getNewHttpClient(HttpURLConnection.java:1220)
	at sun.net.www.protocol.http.HttpURLConnection.plainConnect0(HttpURLConnection.java:1156)
	at sun.net.www.protocol.http.HttpURLConnection.plainConnect(HttpURLConnection.java:1050)
	at sun.net.www.protocol.http.HttpURLConnection.connect(HttpURLConnection.java:984)
	at com.google.api.client.http.javanet.NetHttpRequest.execute(NetHttpRequest.java:104)
	at com.google.api.client.http.HttpRequest.execute(HttpRequest.java:981)
	at com.google.auth.oauth2.ComputeEngineCredentials.runningOnComputeEngine(ComputeEngineCredentials.java:191)
	at com.google.auth.oauth2.DefaultCredentialsProvider.tryGetComputeCredentials(DefaultCredentialsProvider.java:270)
	at com.google.auth.oauth2.DefaultCredentialsProvider.getDefaultCredentialsUnsynchronized(DefaultCredentialsProvider.java:194)
	at com.google.auth.oauth2.DefaultCredentialsProvider.getDefaultCredentials(DefaultCredentialsProvider.java:112)
	at com.google.auth.oauth2.GoogleCredentials.getApplicationDefault(GoogleCredentials.java:127)
	at com.google.auth.oauth2.GoogleCredentials.getApplicationDefault(GoogleCredentials.java:100)
	at com.google.api.gax.core.GoogleCredentialsProvider.getCredentials(GoogleCredentialsProvider.java:59)
	at com.google.api.gax.rpc.ClientContext.create(ClientContext.java:134)
	at com.google.cloud.speech.v1p1beta1.stub.GrpcSpeechStub.create(GrpcSpeechStub.java:94)
	at com.google.cloud.speech.v1p1beta1.stub.SpeechStubSettings.createStub(SpeechStubSettings.java:126)
	at com.google.cloud.speech.v1p1beta1.SpeechClient.<init>(SpeechClient.java:144)
	at com.google.cloud.speech.v1p1beta1.SpeechClient.create(SpeechClient.java:126)
	at com.google.cloud.speech.v1p1beta1.SpeechClient.create(SpeechClient.java:118)
	at com.example.speech.Recognize.transcribeWordLevelConfidenceGcs(Recognize.java:451)
	at com.example.speech.RecognizeIT.testTranscribeWordLevelConfidenceGcs(RecognizeIT.java:122)
	at sun.reflect.NativeMethodAccessorImpl.invoke0(Native Method)
	at sun.reflect.NativeMethodAccessorImpl.invoke(NativeMethodAccessorImpl.java:62)
	at sun.reflect.DelegatingMethodAccessorImpl.invoke(DelegatingMethodAccessorImpl.java:43)
	at java.lang.reflect.Method.invoke(Method.java:498)
	at org.junit.runners.model.FrameworkMethod$1.runReflectiveCall(FrameworkMethod.java:50)
	at org.junit.internal.runners.model.ReflectiveCallable.run(ReflectiveCallable.java:12)
	at org.junit.runners.model.FrameworkMethod.invokeExplosively(FrameworkMethod.java:47)
	at org.junit.internal.runners.statements.InvokeMethod.evaluate(InvokeMethod.java:17)
	at org.junit.internal.runners.statements.RunBefores.evaluate(RunBefores.java:26)
	at org.junit.internal.runners.statements.RunAfters.evaluate(RunAfters.java:27)
	at org.junit.runners.ParentRunner.runLeaf(ParentRunner.java:325)
	at org.junit.runners.BlockJUnit4ClassRunner.runChild(BlockJUnit4ClassRunner.java:78)
	at org.junit.runners.BlockJUnit4ClassRunner.runChild(BlockJUnit4ClassRunner.java:57)
	at org.junit.runners.ParentRunner$3.run(ParentRunner.java:290)
	at org.junit.runners.ParentRunner$1.schedule(ParentRunner.java:71)
	at org.junit.runners.ParentRunner.runChildren(ParentRunner.java:288)
	at org.junit.runners.ParentRunner.access$000(ParentRunner.java:58)
	at org.junit.runners.ParentRunner$2.evaluate(ParentRunner.java:268)
	at org.junit.runners.ParentRunner.run(ParentRunner.java:363)
	at org.apache.maven.surefire.junit4.JUnit4Provider.execute(JUnit4Provider.java:365)
	at org.apache.maven.surefire.junit4.JUnit4Provider.executeWithRerun(JUnit4Provider.java:273)
	at org.apache.maven.surefire.junit4.JUnit4Provider.executeTestSet(JUnit4Provider.java:238)
	at org.apache.maven.surefire.junit4.JUnit4Provider.invoke(JUnit4Provider.java:159)
	at org.apache.maven.surefire.booter.ForkedBooter.invokeProviderInSameClassLoader(ForkedBooter.java:384)
	at org.apache.maven.surefire.booter.ForkedBooter.runSuitesInProcess(ForkedBooter.java:345)
	at org.apache.maven.surefire.booter.ForkedBooter.execute(ForkedBooter.java:126)
	at org.apache.maven.surefire.booter.ForkedBooter.main(ForkedBooter.java:418)

May 07, 2019 10:32:37 AM com.google.auth.oauth2.ComputeEngineCredentials runningOnComputeEngine
WARNING: Failed to detect whether we are running on Google Compute Engine.
java.net.SocketException: Network is unreachable: connect
	at java.net.DualStackPlainSocketImpl.waitForConnect(Native Method)
	at java.net.DualStackPlainSocketImpl.socketConnect(DualStackPlainSocketImpl.java:85)
	at java.net.AbstractPlainSocketImpl.doConnect(AbstractPlainSocketImpl.java:350)
	at java.net.AbstractPlainSocketImpl.connectToAddress(AbstractPlainSocketImpl.java:206)
	at java.net.AbstractPlainSocketImpl.connect(AbstractPlainSocketImpl.java:188)
	at java.net.PlainSocketImpl.connect(PlainSocketImpl.java:172)
	at java.net.SocksSocketImpl.connect(SocksSocketImpl.java:392)
	at java.net.Socket.connect(Socket.java:589)
	at sun.net.NetworkClient.doConnect(NetworkClient.java:175)
	at sun.net.www.http.HttpClient.openServer(HttpClient.java:463)
	at sun.net.www.http.HttpClient.openServer(HttpClient.java:558)
	at sun.net.www.http.HttpClient.<init>(HttpClient.java:242)
	at sun.net.www.http.HttpClient.New(HttpClient.java:339)
	at sun.net.www.http.HttpClient.New(HttpClient.java:357)
	at sun.net.www.protocol.http.HttpURLConnection.getNewHttpClient(HttpURLConnection.java:1220)
	at sun.net.www.protocol.http.HttpURLConnection.plainConnect0(HttpURLConnection.java:1156)
	at sun.net.www.protocol.http.HttpURLConnection.plainConnect(HttpURLConnection.java:1050)
	at sun.net.www.protocol.http.HttpURLConnection.connect(HttpURLConnection.java:984)
	at com.google.api.client.http.javanet.NetHttpRequest.execute(NetHttpRequest.java:104)
	at com.google.api.client.http.HttpRequest.execute(HttpRequest.java:981)
	at com.google.auth.oauth2.ComputeEngineCredentials.runningOnComputeEngine(ComputeEngineCredentials.java:191)
	at com.google.auth.oauth2.DefaultCredentialsProvider.tryGetComputeCredentials(DefaultCredentialsProvider.java:270)
	at com.google.auth.oauth2.DefaultCredentialsProvider.getDefaultCredentialsUnsynchronized(DefaultCredentialsProvider.java:194)
	at com.google.auth.oauth2.DefaultCredentialsProvider.getDefaultCredentials(DefaultCredentialsProvider.java:112)
	at com.google.auth.oauth2.GoogleCredentials.getApplicationDefault(GoogleCredentials.java:127)
	at com.google.auth.oauth2.GoogleCredentials.getApplicationDefault(GoogleCredentials.java:100)
	at com.google.api.gax.core.GoogleCredentialsProvider.getCredentials(GoogleCredentialsProvider.java:59)
	at com.google.api.gax.rpc.ClientContext.create(ClientContext.java:134)
	at com.google.cloud.speech.v1p1beta1.stub.GrpcSpeechStub.create(GrpcSpeechStub.java:94)
	at com.google.cloud.speech.v1p1beta1.stub.SpeechStubSettings.createStub(SpeechStubSettings.java:126)
	at com.google.cloud.speech.v1p1beta1.SpeechClient.<init>(SpeechClient.java:144)
	at com.google.cloud.speech.v1p1beta1.SpeechClient.create(SpeechClient.java:126)
	at com.google.cloud.speech.v1p1beta1.SpeechClient.create(SpeechClient.java:118)
	at com.example.speech.Recognize.transcribeWordLevelConfidenceGcs(Recognize.java:451)
	at com.example.speech.RecognizeIT.testTranscribeWordLevelConfidenceGcs(RecognizeIT.java:122)
	at sun.reflect.NativeMethodAccessorImpl.invoke0(Native Method)
	at sun.reflect.NativeMethodAccessorImpl.invoke(NativeMethodAccessorImpl.java:62)
	at sun.reflect.DelegatingMethodAccessorImpl.invoke(DelegatingMethodAccessorImpl.java:43)
	at java.lang.reflect.Method.invoke(Method.java:498)
	at org.junit.runners.model.FrameworkMethod$1.runReflectiveCall(FrameworkMethod.java:50)
	at org.junit.internal.runners.model.ReflectiveCallable.run(ReflectiveCallable.java:12)
	at org.junit.runners.model.FrameworkMethod.invokeExplosively(FrameworkMethod.java:47)
	at org.junit.internal.runners.statements.InvokeMethod.evaluate(InvokeMethod.java:17)
	at org.junit.internal.runners.statements.RunBefores.evaluate(RunBefores.java:26)
	at org.junit.internal.runners.statements.RunAfters.evaluate(RunAfters.java:27)
	at org.junit.runners.ParentRunner.runLeaf(ParentRunner.java:325)
	at org.junit.runners.BlockJUnit4ClassRunner.runChild(BlockJUnit4ClassRunner.java:78)
	at org.junit.runners.BlockJUnit4ClassRunner.runChild(BlockJUnit4ClassRunner.java:57)
	at org.junit.runners.ParentRunner$3.run(ParentRunner.java:290)
	at org.junit.runners.ParentRunner$1.schedule(ParentRunner.java:71)
	at org.junit.runners.ParentRunner.runChildren(ParentRunner.java:288)
	at org.junit.runners.ParentRunner.access$000(ParentRunner.java:58)
	at org.junit.runners.ParentRunner$2.evaluate(ParentRunner.java:268)
	at org.junit.runners.ParentRunner.run(ParentRunner.java:363)
	at org.apache.maven.surefire.junit4.JUnit4Provider.execute(JUnit4Provider.java:365)
	at org.apache.maven.surefire.junit4.JUnit4Provider.executeWithRerun(JUnit4Provider.java:273)
	at org.apache.maven.surefire.junit4.JUnit4Provider.executeTestSet(JUnit4Provider.java:238)
	at org.apache.maven.surefire.junit4.JUnit4Provider.invoke(JUnit4Provider.java:159)
	at org.apache.maven.surefire.booter.ForkedBooter.invokeProviderInSameClassLoader(ForkedBooter.java:384)
	at org.apache.maven.surefire.booter.ForkedBooter.runSuitesInProcess(ForkedBooter.java:345)
	at org.apache.maven.surefire.booter.ForkedBooter.execute(ForkedBooter.java:126)
	at org.apache.maven.surefire.booter.ForkedBooter.main(ForkedBooter.java:418)

]]></system-err>
  </testcase>
  <testcase name="testTranscribeDiarizationGcs" classname="com.example.speech.RecognizeIT(sponge_log)" time="0">
    <error message="The Application Default Credentials are not available. They are available if running in Google Compute Engine. Otherwise, the environment variable GOOGLE_APPLICATION_CREDENTIALS must be defined pointing to a file defining the credentials. See https://developers.google.com/accounts/docs/application-default-credentials for more information." type="java.io.IOException">java.io.IOException: The Application Default Credentials are not available. They are available if running in Google Compute Engine. Otherwise, the environment variable GOOGLE_APPLICATION_CREDENTIALS must be defined pointing to a file defining the credentials. See https://developers.google.com/accounts/docs/application-default-credentials for more information.
	at com.example.speech.RecognizeIT.testTranscribeDiarizationGcs(RecognizeIT.java:79)
</error>
  </testcase>
  <testcase name="testTranscribeMultiChannelGcs" classname="com.example.speech.RecognizeIT(sponge_log)" time="0.001">
    <error message="The Application Default Credentials are not available. They are available if running in Google Compute Engine. Otherwise, the environment variable GOOGLE_APPLICATION_CREDENTIALS must be defined pointing to a file defining the credentials. See https://developers.google.com/accounts/docs/application-default-credentials for more information." type="java.io.IOException">java.io.IOException: The Application Default Credentials are not available. They are available if running in Google Compute Engine. Otherwise, the environment variable GOOGLE_APPLICATION_CREDENTIALS must be defined pointing to a file defining the credentials. See https://developers.google.com/accounts/docs/application-default-credentials for more information.
	at com.example.speech.RecognizeIT.testTranscribeMultiChannelGcs(RecognizeIT.java:93)
</error>
  </testcase>
  <testcase name="testTranscribeMultiChannel" classname="com.example.speech.RecognizeIT(sponge_log)" time="0.171">
    <error message="The Application Default Credentials are not available. They are available if running in Google Compute Engine. Otherwise, the environment variable GOOGLE_APPLICATION_CREDENTIALS must be defined pointing to a file defining the credentials. See https://developers.google.com/accounts/docs/application-default-credentials for more information." type="java.io.IOException">java.io.IOException: The Application Default Credentials are not available. They are available if running in Google Compute Engine. Otherwise, the environment variable GOOGLE_APPLICATION_CREDENTIALS must be defined pointing to a file defining the credentials. See https://developers.google.com/accounts/docs/application-default-credentials for more information.
	at com.example.speech.RecognizeIT.testTranscribeMultiChannel(RecognizeIT.java:86)
</error>
  </testcase>
  <testcase name="testTranscribeMultiLanguageGcs" classname="com.example.speech.RecognizeIT(sponge_log)" time="0.001">
    <error message="The Application Default Credentials are not available. They are available if running in Google Compute Engine. Otherwise, the environment variable GOOGLE_APPLICATION_CREDENTIALS must be defined pointing to a file defining the credentials. See https://developers.google.com/accounts/docs/application-default-credentials for more information." type="java.io.IOException">java.io.IOException: The Application Default Credentials are not available. They are available if running in Google Compute Engine. Otherwise, the environment variable GOOGLE_APPLICATION_CREDENTIALS must be defined pointing to a file defining the credentials. See https://developers.google.com/accounts/docs/application-default-credentials for more information.
	at com.example.speech.RecognizeIT.testTranscribeMultiLanguageGcs(RecognizeIT.java:107)
</error>
  </testcase>
  <testcase name="testMetadata" classname="com.example.speech.RecognizeIT(sponge_log)" time="0.052">
    <error message="The Application Default Credentials are not available. They are available if running in Google Compute Engine. Otherwise, the environment variable GOOGLE_APPLICATION_CREDENTIALS must be defined pointing to a file defining the credentials. See https://developers.google.com/accounts/docs/application-default-credentials for more information." type="java.io.IOException">java.io.IOException: The Application Default Credentials are not available. They are available if running in Google Compute Engine. Otherwise, the environment variable GOOGLE_APPLICATION_CREDENTIALS must be defined pointing to a file defining the credentials. See https://developers.google.com/accounts/docs/application-default-credentials for more information.
	at com.example.speech.RecognizeIT.testMetadata(RecognizeIT.java:65)
</error>
  </testcase>
  <testcase name="testTranscribeMultiLanguage" classname="com.example.speech.RecognizeIT(sponge_log)" time="0.129">
    <error message="The Application Default Credentials are not available. They are available if running in Google Compute Engine. Otherwise, the environment variable GOOGLE_APPLICATION_CREDENTIALS must be defined pointing to a file defining the credentials. See https://developers.google.com/accounts/docs/application-default-credentials for more information." type="java.io.IOException">java.io.IOException: The Application Default Credentials are not available. They are available if running in Google Compute Engine. Otherwise, the environment variable GOOGLE_APPLICATION_CREDENTIALS must be defined pointing to a file defining the credentials. See https://developers.google.com/accounts/docs/application-default-credentials for more information.
	at com.example.speech.RecognizeIT.testTranscribeMultiLanguage(RecognizeIT.java:100)
</error>
  </testcase>
  <testcase name="testTranscribeWordLevelConfidence" classname="com.example.speech.RecognizeIT(sponge_log)" time="0.027">
    <error message="The Application Default Credentials are not available. They are available if running in Google Compute Engine. Otherwise, the environment variable GOOGLE_APPLICATION_CREDENTIALS must be defined pointing to a file defining the credentials. See https://developers.google.com/accounts/docs/application-default-credentials for more information." type="java.io.IOException">java.io.IOException: The Application Default Credentials are not available. They are available if running in Google Compute Engine. Otherwise, the environment variable GOOGLE_APPLICATION_CREDENTIALS must be defined pointing to a file defining the credentials. See https://developers.google.com/accounts/docs/application-default-credentials for more information.
	at com.example.speech.RecognizeIT.testTranscribeWordLevelConfidence(RecognizeIT.java:114)
</error>
  </testcase>
  <testcase name="testTranscribeDiarization" classname="com.example.speech.RecognizeIT(sponge_log)" time="0.001">
    <error message="The Application Default Credentials are not available. They are available if running in Google Compute Engine. Otherwise, the environment variable GOOGLE_APPLICATION_CREDENTIALS must be defined pointing to a file defining the credentials. See https://developers.google.com/accounts/docs/application-default-credentials for more information." type="java.io.IOException">java.io.IOException: The Application Default Credentials are not available. They are available if running in Google Compute Engine. Otherwise, the environment variable GOOGLE_APPLICATION_CREDENTIALS must be defined pointing to a file defining the credentials. See https://developers.google.com/accounts/docs/application-default-credentials for more information.
	at com.example.speech.RecognizeIT.testTranscribeDiarization(RecognizeIT.java:72)
</error>
  </testcase>
</testsuite>